{
  "stats": {
    "suites": 2,
    "tests": 5,
    "passes": 4,
    "pending": 0,
    "failures": 1,
    "start": "2023-05-17T12:00:18.358Z",
    "end": "2023-05-17T12:00:21.641Z",
    "duration": 3283,
    "testsRegistered": 5,
    "passPercent": 80,
    "pendingPercent": 0,
    "other": 0,
    "hasOther": false,
    "skipped": 0,
    "hasSkipped": false
  },
  "results": [
    {
      "uuid": "af04e199-4ceb-40e9-8bec-e1af2ac54a8f",
      "title": "",
      "fullFile": "C:\\Users\\evgen\\Projects\\TagVs\\test\\HapyPath.js",
      "file": "\\test\\HapyPath.js",
      "beforeHooks": [],
      "afterHooks": [],
      "tests": [],
      "suites": [
        {
          "uuid": "90c68da6-7f3e-4ffd-9c31-1bc64a27d4fc",
          "title": "Base API Tests",
          "fullFile": "C:\\Users\\evgen\\Projects\\TagVs\\test\\HapyPath.js",
          "file": "\\test\\HapyPath.js",
          "beforeHooks": [],
          "afterHooks": [],
          "tests": [],
          "suites": [
            {
              "uuid": "e482a4c1-9892-4683-9ddc-e7c42a51fe5d",
              "title": "#TestAllApis()",
              "fullFile": "C:\\Users\\evgen\\Projects\\TagVs\\test\\HapyPath.js",
              "file": "\\test\\HapyPath.js",
              "beforeHooks": [],
              "afterHooks": [],
              "tests": [
                {
                  "title": "Checking user API. \n Expecting status: 200. \n Expecting response data legth: 10",
                  "fullTitle": "Base API Tests #TestAllApis() Checking user API. \n Expecting status: 200. \n Expecting response data legth: 10",
                  "timedOut": false,
                  "duration": 802,
                  "state": "failed",
                  "speed": null,
                  "pass": false,
                  "fail": true,
                  "pending": false,
                  "context": null,
                  "code": "chai\n.request(process.env.URL)\n.get(route)\n.set('Authorization',`Bearer ${process.env.API_KEY}`)\n.end((error, response)=>{\n    response.status.should.equal(expected.status , `expcted status :${expected.status} | actual status : ${response.status}`);\n    if(response.status == 200)\n        response.body.should.have.lengthOf(expected.length);\n    done();\n})",
                  "err": {
                    "message": "AssertionError: expcted status :200 | actual status : 404: expected 404 to equal 200",
                    "estack": "AssertionError: expcted status :200 | actual status : 404: expected 404 to equal 200\n    at C:\\Users\\evgen\\Projects\\TagVs\\test\\HapyPath.js:34:44\n    at Test.Request.callback (node_modules\\superagent\\lib\\node\\index.js:716:12)\n    at Stream.<anonymous> (node_modules\\superagent\\lib\\node\\index.js:916:18)\n    at Stream.emit (node:events:513:28)\n    at Unzip.<anonymous> (node_modules\\superagent\\lib\\node\\unzip.js:55:12)\n    at Unzip.emit (node:events:513:28)\n    at endReadableNT (node:internal/streams/readable:1358:12)\n    at processTicksAndRejections (node:internal/process/task_queues:83:21)",
                    "diff": "- 404\n+ 200\n"
                  },
                  "uuid": "ac5a940c-3ac5-4816-aa08-893b421f45b0",
                  "parentUUID": "e482a4c1-9892-4683-9ddc-e7c42a51fe5d",
                  "isHook": false,
                  "skipped": false
                },
                {
                  "title": "Checking posts API. \n Expecting status: 200. \n Expecting response data legth: 10",
                  "fullTitle": "Base API Tests #TestAllApis() Checking posts API. \n Expecting status: 200. \n Expecting response data legth: 10",
                  "timedOut": false,
                  "duration": 438,
                  "state": "passed",
                  "speed": "slow",
                  "pass": true,
                  "fail": false,
                  "pending": false,
                  "context": null,
                  "code": "chai\n.request(process.env.URL)\n.get(route)\n.set('Authorization',`Bearer ${process.env.API_KEY}`)\n.end((error, response)=>{\n    response.status.should.equal(expected.status , `expcted status :${expected.status} | actual status : ${response.status}`);\n    if(response.status == 200)\n        response.body.should.have.lengthOf(expected.length);\n    done();\n})",
                  "err": {},
                  "uuid": "35813761-7b17-4b52-95df-97b6ae563ed2",
                  "parentUUID": "e482a4c1-9892-4683-9ddc-e7c42a51fe5d",
                  "isHook": false,
                  "skipped": false
                },
                {
                  "title": "Checking comments API. \n Expecting status: 200. \n Expecting response data legth: 10",
                  "fullTitle": "Base API Tests #TestAllApis() Checking comments API. \n Expecting status: 200. \n Expecting response data legth: 10",
                  "timedOut": false,
                  "duration": 695,
                  "state": "passed",
                  "speed": "slow",
                  "pass": true,
                  "fail": false,
                  "pending": false,
                  "context": null,
                  "code": "chai\n.request(process.env.URL)\n.get(route)\n.set('Authorization',`Bearer ${process.env.API_KEY}`)\n.end((error, response)=>{\n    response.status.should.equal(expected.status , `expcted status :${expected.status} | actual status : ${response.status}`);\n    if(response.status == 200)\n        response.body.should.have.lengthOf(expected.length);\n    done();\n})",
                  "err": {},
                  "uuid": "66545d8d-e72a-4bae-9124-e9fb78d0c28a",
                  "parentUUID": "e482a4c1-9892-4683-9ddc-e7c42a51fe5d",
                  "isHook": false,
                  "skipped": false
                },
                {
                  "title": "Checking todos API. \n Expecting status: 200. \n Expecting response data legth: 10",
                  "fullTitle": "Base API Tests #TestAllApis() Checking todos API. \n Expecting status: 200. \n Expecting response data legth: 10",
                  "timedOut": false,
                  "duration": 696,
                  "state": "passed",
                  "speed": "slow",
                  "pass": true,
                  "fail": false,
                  "pending": false,
                  "context": null,
                  "code": "chai\n.request(process.env.URL)\n.get(route)\n.set('Authorization',`Bearer ${process.env.API_KEY}`)\n.end((error, response)=>{\n    response.status.should.equal(expected.status , `expcted status :${expected.status} | actual status : ${response.status}`);\n    if(response.status == 200)\n        response.body.should.have.lengthOf(expected.length);\n    done();\n})",
                  "err": {},
                  "uuid": "940ec32a-9a1e-41c7-80a8-36a05a51f7da",
                  "parentUUID": "e482a4c1-9892-4683-9ddc-e7c42a51fe5d",
                  "isHook": false,
                  "skipped": false
                },
                {
                  "title": "Checking user API. \n Expecting status: 404. \n Expecting response data legth: null",
                  "fullTitle": "Base API Tests #TestAllApis() Checking user API. \n Expecting status: 404. \n Expecting response data legth: null",
                  "timedOut": false,
                  "duration": 643,
                  "state": "passed",
                  "speed": "slow",
                  "pass": true,
                  "fail": false,
                  "pending": false,
                  "context": null,
                  "code": "chai\n.request(process.env.URL)\n.get(route)\n.set('Authorization',`Bearer ${process.env.API_KEY}`)\n.end((error, response)=>{\n    response.status.should.equal(expected.status , `expcted status :${expected.status} | actual status : ${response.status}`);\n    if(response.status == 200)\n        response.body.should.have.lengthOf(expected.length);\n    done();\n})",
                  "err": {},
                  "uuid": "cc8cf9c1-402d-42c5-8d02-bb994528c081",
                  "parentUUID": "e482a4c1-9892-4683-9ddc-e7c42a51fe5d",
                  "isHook": false,
                  "skipped": false
                }
              ],
              "suites": [],
              "passes": [
                "35813761-7b17-4b52-95df-97b6ae563ed2",
                "66545d8d-e72a-4bae-9124-e9fb78d0c28a",
                "940ec32a-9a1e-41c7-80a8-36a05a51f7da",
                "cc8cf9c1-402d-42c5-8d02-bb994528c081"
              ],
              "failures": [
                "ac5a940c-3ac5-4816-aa08-893b421f45b0"
              ],
              "pending": [],
              "skipped": [],
              "duration": 3274,
              "root": false,
              "rootEmpty": false,
              "_timeout": 2000
            }
          ],
          "passes": [],
          "failures": [],
          "pending": [],
          "skipped": [],
          "duration": 0,
          "root": false,
          "rootEmpty": false,
          "_timeout": 2000
        }
      ],
      "passes": [],
      "failures": [],
      "pending": [],
      "skipped": [],
      "duration": 0,
      "root": true,
      "rootEmpty": true,
      "_timeout": 2000
    }
  ],
  "meta": {
    "mocha": {
      "version": "10.2.0"
    },
    "mochawesome": {
      "options": {
        "quiet": false,
        "reportFilename": "mochawesome",
        "saveHtml": true,
        "saveJson": true,
        "consoleReporter": "spec",
        "useInlineDiffs": false,
        "code": true
      },
      "version": "7.1.3"
    },
    "marge": {
      "options": null,
      "version": "6.2.0"
    }
  }
}